<?xml version="1.0" encoding="UTF-8"?>
<!-- Generated by org.testng.reporters.JUnitReportReporter -->
<testsuite hostname="LAPTOP-1761MV5O" failures="0" tests="4" name="tests.FooterLinksTest" time="24.106" errors="0" timestamp="2024-09-12T14:18:20 EDT" skipped="0">
  <testcase classname="tests.FooterLinksTest" name="testClickTermsAndConditions" time="5.140"/>
  <system-out/>
  <testcase classname="tests.FooterLinksTest" name="testClickPrivacyPolicy" time="7.479"/>
  <system-out/>
  <testcase classname="tests.FooterLinksTest" name="testClickSiteMap" time="5.357"/>
  <system-out/>
  <testcase classname="tests.FooterLinksTest" name="testClickAccessibility" time="6.130"/>
  <system-out/>
</testsuite> <!-- tests.FooterLinksTest -->
