<?xml version="1.0" encoding="UTF-8"?>
<!-- Generated by org.testng.reporters.JUnitReportReporter -->
<testsuite hostname="LAPTOP-1761MV5O" failures="0" tests="4" name="tests.LoginTest" time="24.559" errors="0" timestamp="2024-09-11T12:40:46 EDT" skipped="0">
  <testcase classname="tests.LoginTest" name="testInvalidLogin" time="5.702"/>
  <system-out/>
  <testcase classname="tests.LoginTest" name="testEmptyUsername" time="4.587"/>
  <system-out/>
  <testcase classname="tests.LoginTest" name="testEmptyPassword" time="8.008"/>
  <system-out/>
  <testcase classname="tests.LoginTest" name="testEmptyUsernameAndPassword" time="6.262"/>
  <system-out/>
</testsuite> <!-- tests.LoginTest -->
