<?xml version="1.0" encoding="UTF-8"?>
<!-- Generated by org.testng.reporters.JUnitReportReporter -->
<testsuite hostname="LAPTOP-1761MV5O" failures="0" tests="4" name="tests.LoginTest" time="33.382" errors="0" timestamp="2024-09-12T14:18:20 EDT" skipped="0">
  <testcase classname="tests.LoginTest" name="testInvalidLogin" time="7.713"/>
  <system-out/>
  <testcase classname="tests.LoginTest" name="testEmptyUsername" time="7.635"/>
  <system-out/>
  <testcase classname="tests.LoginTest" name="testEmptyPassword" time="9.283"/>
  <system-out/>
  <testcase classname="tests.LoginTest" name="testEmptyUsernameAndPassword" time="8.751"/>
  <system-out/>
</testsuite> <!-- tests.LoginTest -->
