<?xml version="1.0" encoding="UTF-8"?>
<!-- Generated by org.testng.reporters.JUnitReportReporter -->
<testsuite hostname="LAPTOP-1761MV5O" failures="0" tests="5" name="tests.ClaimsSectionTest" time="152.209" errors="0" timestamp="2024-09-11T12:40:46 EDT" skipped="0">
  <testcase classname="tests.ClaimsSectionTest" name="testClickReportAClaim" time="26.972"/>
  <system-out/>
  <testcase classname="tests.ClaimsSectionTest" name="testClickSinkholeClaims" time="25.616"/>
  <system-out/>
  <testcase classname="tests.ClaimsSectionTest" name="testClickLossInspection" time="44.962"/>
  <system-out/>
  <testcase classname="tests.ClaimsSectionTest" name="testClickInsuranceFraud" time="26.069"/>
  <system-out/>
  <testcase classname="tests.ClaimsSectionTest" name="testClickContactCitizensFirst" time="28.590"/>
  <system-out/>
</testsuite> <!-- tests.ClaimsSectionTest -->
