<?xml version="1.0" encoding="UTF-8"?>
<!-- Generated by org.testng.reporters.JUnitReportReporter -->
<testsuite hostname="LAPTOP-1761MV5O" failures="0" tests="4" name="tests.FooterLinksTest" time="85.263" errors="0" timestamp="2024-09-11T12:40:46 EDT" skipped="0">
  <testcase classname="tests.FooterLinksTest" name="testClickTermsAndConditions" time="11.421"/>
  <system-out/>
  <testcase classname="tests.FooterLinksTest" name="testClickPrivacyPolicy" time="25.293"/>
  <system-out/>
  <testcase classname="tests.FooterLinksTest" name="testClickSiteMap" time="24.194"/>
  <system-out/>
  <testcase classname="tests.FooterLinksTest" name="testClickAccessibility" time="24.355"/>
  <system-out/>
</testsuite> <!-- tests.FooterLinksTest -->
