<?xml version="1.0" encoding="UTF-8"?>
<!-- Generated by org.testng.reporters.JUnitReportReporter -->
<testsuite hostname="LAPTOP-1761MV5O" failures="0" tests="4" name="tests.SignUpNegativeTests" time="20.089" errors="0" timestamp="2024-09-11T12:08:53 EDT" skipped="0">
  <testcase classname="tests.SignUpNegativeTests" name="testSubmitWithoutAgreeingToTerms" time="4.688"/>
  <system-out/>
  <testcase classname="tests.SignUpNegativeTests" name="testInvalidEmailFormat" time="4.611"/>
  <system-out/>
  <testcase classname="tests.SignUpNegativeTests" name="testInvalidZipCode" time="4.501"/>
  <system-out/>
  <testcase classname="tests.SignUpNegativeTests" name="testInvalidPolicyNumber" time="6.289"/>
  <system-out/>
</testsuite> <!-- tests.SignUpNegativeTests -->
